<?xml version="1.0" encoding="UTF-8"?>
<!-- Generated by org.testng.reporters.JUnitReportReporter -->
<testsuite hostname="WIN-486QJSS660G" name="org.tedu.MavenPro1.TestNG1" tests="1" failures="0" timestamp="20 Oct 2018 13:03:39 GMT" time="12.296" errors="0">
  <testcase name="testa" time="12.296" classname="org.tedu.MavenPro1.TestNG1"/>
</testsuite> <!-- org.tedu.MavenPro1.TestNG1 -->
