<?xml version="1.0" encoding="UTF-8"?>
<!-- Generated by org.testng.reporters.JUnitReportReporter -->
<testsuite hostname="WIN-486QJSS660G" name="tedu.TestLog4j" tests="1" failures="0" timestamp="20 Oct 2018 13:03:39 GMT" time="6.537" errors="0">
  <testcase name="f" time="6.537" classname="tedu.TestLog4j"/>
</testsuite> <!-- tedu.TestLog4j -->
