<?xml version="1.0" encoding="UTF-8"?>
<!-- Generated by org.testng.reporters.JUnitReportReporter -->
<testsuite hostname="WIN-486QJSS660G" name="org.tedu.MavenPro1.NewTestCase" tests="1" failures="0" timestamp="20 Oct 2018 13:03:39 GMT" time="0.000" errors="0">
  <testcase name="f" time="0.000" classname="org.tedu.MavenPro1.NewTestCase"/>
</testsuite> <!-- org.tedu.MavenPro1.NewTestCase -->
