<?xml version="1.0" encoding="UTF-8"?>
<!-- Generated by org.testng.reporters.JUnitReportReporter -->
<testsuite hostname="WIN-486QJSS660G" name="ecshop.tc.TestAdvancedSearch2" tests="3" failures="0" timestamp="20 Oct 2018 13:03:39 GMT" time="30.748" errors="0">
  <testcase name="f" time="10.393" classname="ecshop.tc.TestAdvancedSearch2"/>
  <testcase name="f" time="8.428" classname="ecshop.tc.TestAdvancedSearch2"/>
  <testcase name="f" time="11.927" classname="ecshop.tc.TestAdvancedSearch2"/>
</testsuite> <!-- ecshop.tc.TestAdvancedSearch2 -->
