<?xml version="1.0" encoding="UTF-8"?>
<!-- Generated by org.testng.reporters.JUnitReportReporter -->
<testsuite hostname="WIN-486QJSS660G" name="ecshop.TestEcshopSearch" tests="1" failures="0" timestamp="18 Oct 2018 13:16:34 GMT" time="12.582" errors="0">
  <testcase name="f" time="12.582" classname="ecshop.TestEcshopSearch"/>
</testsuite> <!-- ecshop.TestEcshopSearch -->
