<?xml version="1.0" encoding="UTF-8"?>
<!-- Generated by org.testng.reporters.JUnitReportReporter -->
<testsuite hostname="WIN-486QJSS660G" name="tedu.TestLog4j" tests="1" failures="0" timestamp="13 Oct 2018 04:22:30 GMT" time="7.480" errors="0">
  <testcase name="f" time="7.480" classname="tedu.TestLog4j"/>
</testsuite> <!-- tedu.TestLog4j -->
