<?xml version="1.0" encoding="UTF-8"?>
<!-- Generated by org.testng.reporters.JUnitReportReporter -->
<testsuite hostname="WIN-486QJSS660G" name="tedu.NewTest2" tests="2" failures="0" timestamp="14 Oct 2018 12:39:23 GMT" time="0.031" errors="0">
  <testcase name="f" time="0.016" classname="tedu.NewTest2"/>
  <testcase name="f" time="0.015" classname="tedu.NewTest2"/>
</testsuite> <!-- tedu.NewTest2 -->
