<?xml version="1.0" encoding="UTF-8"?>
<!-- Generated by org.testng.reporters.JUnitReportReporter -->
<testsuite hostname="WIN-486QJSS660G" name="org.tedu.MavenPro1.TestNG1" tests="1" failures="0" timestamp="8 Oct 2018 12:40:38 GMT" time="12.323" errors="0">
  <testcase name="testa" time="12.323" classname="org.tedu.MavenPro1.TestNG1"/>
</testsuite> <!-- org.tedu.MavenPro1.TestNG1 -->
