<?xml version="1.0" encoding="UTF-8"?>
<!-- Generated by org.testng.reporters.JUnitReportReporter -->
<testsuite hostname="WIN-486QJSS660G" name="ecshop.tc.TestAdvancedSearch" tests="3" failures="0" timestamp="17 Oct 2018 13:58:48 GMT" time="29.492" errors="0">
  <testcase name="f" time="11.374" classname="ecshop.tc.TestAdvancedSearch"/>
  <testcase name="f" time="7.912" classname="ecshop.tc.TestAdvancedSearch"/>
  <testcase name="f" time="10.206" classname="ecshop.tc.TestAdvancedSearch"/>
</testsuite> <!-- ecshop.tc.TestAdvancedSearch -->
