<?xml version="1.0" encoding="UTF-8"?>
<!-- Generated by org.testng.reporters.JUnitReportReporter -->
<testsuite hostname="WIN-486QJSS660G" name="org.tedu.MavenPro1.AppTest" tests="1" failures="0" timestamp="7 Oct 2018 11:42:52 GMT" time="0.010" errors="0">
  <testcase name="testApp" time="0.010" classname="org.tedu.MavenPro1.AppTest"/>
</testsuite> <!-- org.tedu.MavenPro1.AppTest -->
