<?xml version="1.0" encoding="UTF-8"?>
<!-- Generated by org.testng.reporters.JUnitReportReporter -->
<testsuite hostname="WIN-486QJSS660G" name="ecshop.tc.TestAdvancedSearch2" tests="3" failures="0" timestamp="20 Oct 2018 13:32:29 GMT" time="31.344" errors="0">
  <testcase name="f" time="9.016" classname="ecshop.tc.TestAdvancedSearch2"/>
  <testcase name="f" time="8.283" classname="ecshop.tc.TestAdvancedSearch2"/>
  <testcase name="f" time="14.045" classname="ecshop.tc.TestAdvancedSearch2"/>
</testsuite> <!-- ecshop.tc.TestAdvancedSearch2 -->
