<?xml version="1.0" encoding="UTF-8"?>
<!-- Generated by org.testng.reporters.JUnitReportReporter -->
<testsuite hostname="WIN-486QJSS660G" name="org.tedu.MavenPro1.CopyOfApp1Test2" tests="1" failures="0" timestamp="7 Oct 2018 11:57:18 GMT" time="0.006" errors="0">
  <testcase name="testApp" time="0.006" classname="org.tedu.MavenPro1.CopyOfApp1Test2"/>
</testsuite> <!-- org.tedu.MavenPro1.CopyOfApp1Test2 -->
