<?xml version="1.0" encoding="UTF-8"?>
<!-- Generated by org.testng.reporters.JUnitReportReporter -->
<testsuite hostname="WIN-486QJSS660G" name="tedu.TestLog4j" tests="1" failures="0" timestamp="18 Oct 2018 13:14:47 GMT" time="10.303" errors="0">
  <testcase name="f" time="10.303" classname="tedu.TestLog4j"/>
</testsuite> <!-- tedu.TestLog4j -->
