<?xml version="1.0" encoding="UTF-8"?>
<!-- Generated by org.testng.reporters.JUnitReportReporter -->
<testsuite hostname="WIN-486QJSS660G" name="org.tedu.MavenPro1.TestNG2" tests="1" failures="0" timestamp="18 Oct 2018 14:22:21 GMT" time="12.452" errors="0">
  <testcase name="testa" time="12.452" classname="org.tedu.MavenPro1.TestNG2"/>
</testsuite> <!-- org.tedu.MavenPro1.TestNG2 -->
