<?xml version="1.0" encoding="UTF-8"?>
<!-- Generated by org.testng.reporters.JUnitReportReporter -->
<testsuite hostname="WIN-486QJSS660G" name="ecshop.tc.TestAdvancedSearch" tests="6" failures="0" timestamp="20 Oct 2018 13:38:26 GMT" time="69.979" errors="0">
  <testcase name="f" time="8.769" classname="ecshop.tc.TestAdvancedSearch"/>
  <testcase name="f" time="10.887" classname="ecshop.tc.TestAdvancedSearch"/>
  <testcase name="f" time="10.738" classname="ecshop.tc.TestAdvancedSearch"/>
  <testcase name="f" time="16.381" classname="ecshop.tc.TestAdvancedSearch"/>
  <testcase name="f" time="10.893" classname="ecshop.tc.TestAdvancedSearch"/>
  <testcase name="f" time="12.311" classname="ecshop.tc.TestAdvancedSearch"/>
</testsuite> <!-- ecshop.tc.TestAdvancedSearch -->
